2026-02-21T15:13:33.683548 | EAD:quarter | Failed to fetch balance_sheet after 3 attempts: RetryError[<Future at 0x17f6e3910 state=finished raised KeyError>]
2026-02-21T15:16:11.302758 | EGL:quarter | Failed to fetch balance_sheet after 3 attempts: RetryError[<Future at 0x306310410 state=finished raised KeyError>]
2026-02-21T15:19:47.453035 | EME:quarter | Failed to fetch balance_sheet after 3 attempts: RetryError[<Future at 0x17f4eea90 state=finished raised KeyError>]
2026-02-21T15:20:45.100920 | EMG:quarter | Failed to fetch balance_sheet after 3 attempts: RetryError[<Future at 0x17f4b0550 state=finished raised KeyError>]
2026-02-21T15:22:04.578093 | EPC:quarter | Failed to fetch balance_sheet after 3 attempts: RetryError[<Future at 0x17fdab990 state=finished raised KeyError>]
2026-02-21T15:25:31.135053 | FBA:quarter | Failed to fetch balance_sheet after 3 attempts: RetryError[<Future at 0x306061f50 state=finished raised KeyError>]
2026-02-21T15:26:13.966670 | FBA:year | Failed to fetch balance_sheet after 3 attempts: RetryError[<Future at 0x30606fe50 state=finished raised KeyError>]
2026-02-21T15:26:51.716713 | FBC:quarter | Failed to fetch balance_sheet after 3 attempts: RetryError[<Future at 0x3062c8110 state=finished raised KeyError>]
2026-02-21T15:27:44.309620 | FCC:quarter | Failed to fetch balance_sheet after 3 attempts: RetryError[<Future at 0x3063108d0 state=finished raised KeyError>]
2026-02-21T15:36:27.174365 | FRC:quarter | Failed to fetch balance_sheet after 3 attempts: RetryError[<Future at 0x17fee2650 state=finished raised KeyError>]
2026-02-21T15:37:18.954751 | FRM:quarter | Failed to fetch balance_sheet after 3 attempts: RetryError[<Future at 0x17fe25f10 state=finished raised KeyError>]
2026-02-21T15:39:02.045779 | FT1:quarter | Failed to fetch balance_sheet after 3 attempts: RetryError[<Future at 0x3062e3910 state=finished raised KeyError>]
2026-02-21T15:42:58.799548 | GCB:quarter | Failed to fetch balance_sheet after 3 attempts: RetryError[<Future at 0x17f72ae90 state=finished raised KeyError>]
2026-02-21T15:47:22.995961 | GER:quarter | Failed to fetch balance_sheet after 3 attempts: RetryError[<Future at 0x17f4e6350 state=finished raised KeyError>]
2026-02-21T15:49:16.218904 | GH3:quarter | Failed to fetch balance_sheet after 3 attempts: RetryError[<Future at 0x17fdaf510 state=finished raised KeyError>]
2026-02-21T15:55:41.546285 | GND:quarter | Failed to fetch balance_sheet after 3 attempts: RetryError[<Future at 0x17f9f7e50 state=finished raised KeyError>]
2026-02-21T15:57:13.357004 | GQN:quarter | Failed to fetch balance_sheet after 3 attempts: RetryError[<Future at 0x3062ae910 state=finished raised KeyError>]
2026-02-21T15:57:55.565923 | GQN:year | Failed to fetch balance_sheet after 3 attempts: RetryError[<Future at 0x17fe71d10 state=finished raised KeyError>]
2026-02-21T15:59:56.735107 | GTD:quarter | Failed to fetch balance_sheet after 3 attempts: RetryError[<Future at 0x17f71d250 state=finished raised KeyError>]
2026-02-21T16:00:54.554649 | GTH:quarter | Failed to fetch balance_sheet after 3 attempts: RetryError[<Future at 0x17fae4490 state=finished raised KeyError>]
2026-02-21T16:01:13.188896 | GTK:quarter | 'NoneType' object is not subscriptable
2026-02-21T16:01:15.247647 | GTK:year | 'NoneType' object is not subscriptable
2026-02-21T16:04:01.511630 | H11:quarter | Failed to fetch balance_sheet after 3 attempts: RetryError[<Future at 0x306224210 state=finished raised KeyError>]
2026-02-21T16:08:00.089520 | HAM:quarter | Failed to fetch balance_sheet after 3 attempts: RetryError[<Future at 0x17fdd40d0 state=finished raised KeyError>]
2026-02-21T16:11:03.621477 | HAV:quarter | Failed to fetch balance_sheet after 3 attempts: RetryError[<Future at 0x3062ad910 state=finished raised KeyError>]
2026-02-21T16:11:42.122633 | HAV:year | Failed to fetch balance_sheet after 3 attempts: RetryError[<Future at 0x17feaead0 state=finished raised KeyError>]
2026-02-21T16:11:43.796656 | HAW:quarter | 'NoneType' object is not subscriptable
2026-02-21T16:11:45.511774 | HAW:year | 'NoneType' object is not subscriptable
2026-02-21T16:15:34.173366 | HCB:quarter | Failed to fetch balance_sheet after 3 attempts: RetryError[<Future at 0x17f687250 state=finished raised KeyError>]
2026-02-21T16:17:20.320126 | HCI:quarter | Failed to fetch balance_sheet after 3 attempts: RetryError[<Future at 0x17fc65910 state=finished raised KeyError>]
2026-02-21T16:19:08.818256 | HD2:quarter | Failed to fetch balance_sheet after 3 attempts: RetryError[<Future at 0x17f416a10 state=finished raised KeyError>]
2026-02-21T16:20:21.485130 | HD8:quarter | Failed to fetch balance_sheet after 3 attempts: RetryError[<Future at 0x17febfad0 state=finished raised KeyError>]
2026-02-21T16:24:01.277412 | HDP:quarter | Failed to fetch balance_sheet after 3 attempts: RetryError[<Future at 0x17fc78a90 state=finished raised KeyError>]
2026-02-21T16:26:06.158026 | HEC:quarter | Failed to fetch balance_sheet after 3 attempts: RetryError[<Future at 0x17f453150 state=finished raised KeyError>]
2026-02-21T16:27:03.824170 | HEJ:quarter | Failed to fetch balance_sheet after 3 attempts: RetryError[<Future at 0x17f738050 state=finished raised KeyError>]
2026-02-21T16:28:20.765180 | HEP:quarter | Failed to fetch balance_sheet after 3 attempts: RetryError[<Future at 0x17fdab410 state=finished raised KeyError>]
2026-02-21T16:30:03.185152 | HFB:quarter | Failed to fetch balance_sheet after 3 attempts: RetryError[<Future at 0x17fc23010 state=finished raised KeyError>]
2026-02-21T16:30:56.004767 | HFC:quarter | Failed to fetch balance_sheet after 3 attempts: RetryError[<Future at 0x17fdaf410 state=finished raised KeyError>]
2026-02-21T16:31:48.022870 | HFX:quarter | Failed to fetch balance_sheet after 3 attempts: RetryError[<Future at 0x17f7e30d0 state=finished raised KeyError>]
2026-02-21T16:32:02.155127 | HGA:quarter | 'NoneType' object is not subscriptable
2026-02-21T16:32:03.809120 | HGA:year | 'NoneType' object is not subscriptable
2026-02-21T16:32:05.538592 | HGC:quarter | 'NoneType' object is not subscriptable
2026-02-21T16:32:07.255690 | HGC:year | 'NoneType' object is not subscriptable
2026-02-21T16:32:34.448693 | HGR:quarter | 'NoneType' object is not subscriptable
2026-02-21T16:32:36.105717 | HGR:year | 'NoneType' object is not subscriptable
2026-02-21T16:34:02.144144 | HHB:quarter | Failed to fetch balance_sheet after 3 attempts: RetryError[<Future at 0x16d092250 state=finished raised KeyError>]
2026-02-21T16:34:42.020189 | HHB:year | Failed to fetch balance_sheet after 3 attempts: RetryError[<Future at 0x16d091750 state=finished raised KeyError>]
2026-02-21T16:36:12.535402 | HHN:quarter | Failed to fetch balance_sheet after 3 attempts: RetryError[<Future at 0x306249950 state=finished raised KeyError>]
2026-02-21T16:41:56.473418 | HKP:quarter | Failed to fetch balance_sheet after 3 attempts: RetryError[<Future at 0x17f766090 state=finished raised KeyError>]
2026-02-21T16:43:37.469348 | HLB:quarter | Failed to fetch balance_sheet after 3 attempts: RetryError[<Future at 0x17f4df850 state=finished raised KeyError>]
2026-02-21T16:46:07.671673 | HLO:quarter | Failed to fetch balance_sheet after 3 attempts: RetryError[<Future at 0x17f64b990 state=finished raised KeyError>]
2026-02-21T16:47:25.904021 | HLS:quarter | Failed to fetch balance_sheet after 3 attempts: RetryError[<Future at 0x306218c90 state=finished raised KeyError>]
2026-02-21T16:49:35.406412 | HMD:quarter | Failed to fetch balance_sheet after 3 attempts: RetryError[<Future at 0x17f64dc90 state=finished raised KeyError>]
2026-02-21T16:50:23.487598 | HMG:quarter | Failed to fetch balance_sheet after 3 attempts: RetryError[<Future at 0x17f4a2690 state=finished raised KeyError>]
2026-02-21T16:52:16.713088 | HMS:quarter | Failed to fetch balance_sheet after 3 attempts: RetryError[<Future at 0x17f4d4dd0 state=finished raised KeyError>]
2026-02-21T16:54:57.084685 | HNE:quarter | Failed to fetch balance_sheet after 3 attempts: RetryError[<Future at 0x17fe6b890 state=finished raised KeyError>]
2026-02-21T16:57:34.343462 | HNP:quarter | Failed to fetch balance_sheet after 3 attempts: RetryError[<Future at 0x3062d5f90 state=finished raised KeyError>]
2026-02-21T17:01:52.812077 | HPH:quarter | Failed to fetch balance_sheet after 3 attempts: RetryError[<Future at 0x17fee0b50 state=finished raised KeyError>]
2026-02-21T17:03:38.629560 | HPO:quarter | Failed to fetch balance_sheet after 3 attempts: RetryError[<Future at 0x17f7ea250 state=finished raised KeyError>]
2026-02-21T17:04:27.764411 | HPP:quarter | Failed to fetch balance_sheet after 3 attempts: RetryError[<Future at 0x17fd6c510 state=finished raised KeyError>]
2026-02-21T17:05:21.975797 | HPT:quarter | Failed to fetch balance_sheet after 3 attempts: RetryError[<Future at 0x17fd6e1d0 state=finished raised KeyError>]
2026-02-21T17:07:29.422237 | HRB:quarter | Failed to fetch balance_sheet after 3 attempts: RetryError[<Future at 0x17fd6c590 state=finished raised KeyError>]
2026-02-21T17:13:53.322094 | HTH:quarter | Failed to fetch balance_sheet after 3 attempts: RetryError[<Future at 0x17f644710 state=finished raised KeyError>]
2026-02-21T17:14:35.388108 | HTH:year | Failed to fetch balance_sheet after 3 attempts: RetryError[<Future at 0x17f434c50 state=finished raised KeyError>]
2026-02-21T17:15:40.076281 | HTK:quarter | Failed to fetch balance_sheet after 3 attempts: RetryError[<Future at 0x17f4d9fd0 state=finished raised KeyError>]
2026-02-21T17:21:15.608822 | HU6:quarter | Failed to fetch balance_sheet after 3 attempts: RetryError[<Future at 0x17fef1090 state=finished raised KeyError>]
2026-02-21T17:22:45.605048 | HUX:quarter | 'NoneType' object is not subscriptable
2026-02-21T17:22:47.286794 | HUX:year | 'NoneType' object is not subscriptable
2026-02-21T17:26:53.042081 | IBD:quarter | Failed to fetch balance_sheet after 3 attempts: RetryError[<Future at 0x17fee0550 state=finished raised KeyError>]
2026-02-21T17:27:46.588822 | IBN:quarter | Failed to fetch balance_sheet after 3 attempts: RetryError[<Future at 0x17f683050 state=finished raised KeyError>]
2026-02-21T17:28:37.997821 | ICC:quarter | Failed to fetch balance_sheet after 3 attempts: RetryError[<Future at 0x17f65a810 state=finished raised KeyError>]
2026-02-21T17:30:28.416505 | ICI:quarter | Failed to fetch balance_sheet after 3 attempts: RetryError[<Future at 0x306048b50 state=finished raised KeyError>]
2026-02-21T17:37:19.260042 | IME:quarter | Failed to fetch balance_sheet after 3 attempts: RetryError[<Future at 0x17fe6b5d0 state=finished raised KeyError>]
2026-02-21T17:38:39.365650 | IN4:quarter | Failed to fetch balance_sheet after 3 attempts: RetryError[<Future at 0x17f435490 state=finished raised KeyError>]
2026-02-21T17:40:39.782513 | IPH:quarter | 'NoneType' object is not subscriptable
2026-02-21T17:40:41.447293 | IPH:year | 'NoneType' object is not subscriptable
2026-02-21T17:53:31.097834 | KHX:quarter | Failed to fetch balance_sheet after 3 attempts: RetryError[<Future at 0x16d091fd0 state=finished raised KeyError>]
2026-02-21T17:54:10.315880 | KHX:year | Failed to fetch balance_sheet after 3 attempts: RetryError[<Future at 0x306233550 state=finished raised KeyError>]
2026-02-21T17:56:43.326271 | KLM:quarter | Failed to fetch balance_sheet after 3 attempts: RetryError[<Future at 0x17f729fd0 state=finished raised KeyError>]
2026-02-21T18:04:26.267648 | KTW:quarter | Failed to fetch balance_sheet after 3 attempts: RetryError[<Future at 0x17fa36750 state=finished raised KeyError>]
2026-02-21T18:05:42.909890 | KWA:quarter | Failed to fetch balance_sheet after 3 attempts: RetryError[<Future at 0x17fc79350 state=finished raised KeyError>]
2026-02-21T18:10:07.072316 | L45:quarter | Failed to fetch balance_sheet after 3 attempts: RetryError[<Future at 0x17fefea10 state=finished raised KeyError>]
2026-02-21T18:11:51.954853 | L63:quarter | Failed to fetch balance_sheet after 3 attempts: RetryError[<Future at 0x17f78f990 state=finished raised KeyError>]
2026-02-21T18:14:23.964986 | LBC:quarter | Failed to fetch balance_sheet after 3 attempts: RetryError[<Future at 0x17f6c1e10 state=finished raised KeyError>]
2026-02-21T18:16:10.914922 | LCC:quarter | Failed to fetch balance_sheet after 3 attempts: RetryError[<Future at 0x17fc86150 state=finished raised KeyError>]
2026-02-21T18:20:56.223681 | LG9:quarter | Failed to fetch balance_sheet after 3 attempts: RetryError[<Future at 0x17fe9be10 state=finished raised KeyError>]
2026-02-21T18:22:39.451540 | LGM:quarter | Failed to fetch balance_sheet after 3 attempts: RetryError[<Future at 0x17feae350 state=finished raised KeyError>]
2026-02-21T18:25:41.328584 | LKW:quarter | Failed to fetch balance_sheet after 3 attempts: RetryError[<Future at 0x17f4b7a10 state=finished raised KeyError>]
2026-02-21T18:28:19.411103 | LMC:quarter | Failed to fetch balance_sheet after 3 attempts: RetryError[<Future at 0x306219050 state=finished raised KeyError>]
2026-02-21T18:29:35.663269 | LMI:quarter | Failed to fetch balance_sheet after 3 attempts: RetryError[<Future at 0x3060cca90 state=finished raised KeyError>]
2026-02-21T18:30:21.450985 | LNC:quarter | Failed to fetch balance_sheet after 3 attempts: RetryError[<Future at 0x17f7ec090 state=finished raised KeyError>]
2026-02-21T18:32:32.901931 | LQN:quarter | Failed to fetch balance_sheet after 3 attempts: RetryError[<Future at 0x17fdab5d0 state=finished raised KeyError>]
2026-02-21T18:35:59.148204 | LYF:quarter | Failed to fetch balance_sheet after 3 attempts: RetryError[<Future at 0x17fc21210 state=finished raised KeyError>]
2026-02-21T18:37:10.986331 | MA1:quarter | Failed to fetch balance_sheet after 3 attempts: RetryError[<Future at 0x17f785710 state=finished raised KeyError>]
2026-02-21T18:39:54.150571 | MBN:quarter | Failed to fetch balance_sheet after 3 attempts: RetryError[<Future at 0x3060a4310 state=finished raised KeyError>]
2026-02-21T18:41:12.957097 | MBT:quarter | Failed to fetch balance_sheet after 3 attempts: RetryError[<Future at 0x17fccbf10 state=finished raised KeyError>]
2026-02-21T18:42:03.907130 | MC3:quarter | Failed to fetch balance_sheet after 3 attempts: RetryError[<Future at 0x17f4823d0 state=finished raised KeyError>]
2026-02-21T18:43:19.311454 | MCD:quarter | Failed to fetch balance_sheet after 3 attempts: RetryError[<Future at 0x17f45a150 state=finished raised KeyError>]
2026-02-21T18:43:56.006516 | MCD:year | Failed to fetch balance_sheet after 3 attempts: RetryError[<Future at 0x17f685510 state=finished raised KeyError>]
2026-02-21T18:47:38.361720 | MDA:quarter | Failed to fetch balance_sheet after 3 attempts: RetryError[<Future at 0x16d36e910 state=finished raised KeyError>]
2026-02-21T18:50:40.921616 | MEF:quarter | Failed to fetch balance_sheet after 3 attempts: RetryError[<Future at 0x17f288d10 state=finished raised KeyError>]
2026-02-21T18:53:48.438721 | MGG:quarter | Failed to fetch balance_sheet after 3 attempts: RetryError[<Future at 0x3062f6050 state=finished raised KeyError>]
2026-02-21T18:59:00.351329 | MLC:quarter | Failed to fetch balance_sheet after 3 attempts: RetryError[<Future at 0x17f7499d0 state=finished raised KeyError>]
2026-02-21T19:01:07.551873 | MND:quarter | Failed to fetch balance_sheet after 3 attempts: RetryError[<Future at 0x3060b9210 state=finished raised KeyError>]
2026-02-21T19:02:50.519327 | MPY:quarter | Failed to fetch balance_sheet after 3 attempts: RetryError[<Future at 0x17fe68590 state=finished raised KeyError>]
2026-02-21T19:04:08.421916 | MQN:quarter | Failed to fetch balance_sheet after 3 attempts: RetryError[<Future at 0x17fd469d0 state=finished raised KeyError>]
2026-02-21T19:04:59.792921 | MRF:quarter | Failed to fetch balance_sheet after 3 attempts: RetryError[<Future at 0x17f483b10 state=finished raised KeyError>]
